#
# There is insufficient memory for the Java Runtime Environment to continue.
# Native memory allocation (malloc) failed to allocate 539216 bytes for Chunk::new
# Possible reasons:
#   The system is out of physical RAM or swap space
#   The process is running with CompressedOops enabled, and the Java Heap may be blocking the growth of the native heap
# Possible solutions:
#   Reduce memory load on the system
#   Increase physical memory or swap space
#   Check if swap backing store is full
#   Decrease Java heap size (-Xmx/-Xms)
#   Decrease number of Java threads
#   Decrease Java thread stack sizes (-Xss)
#   Set larger code cache with -XX:ReservedCodeCacheSize=
#   JVM is running with Zero Based Compressed Oops mode in which the Java heap is
#     placed in the first 32GB address space. The Java Heap base address is the
#     maximum limit for the native heap growth. Please use -XX:HeapBaseMinAddress
#     to set the Java Heap base and to place the Java Heap above 32GB virtual address.
# This output file may be truncated or incomplete.
#
#  Out of Memory Error (./open/src/hotspot/share/memory/arena.cpp:197), pid=42612, tid=15348
#
# JRE version: Java(TM) SE Runtime Environment 18.9 (11.0.16.1+1) (build 11.0.16.1+1-LTS-1)
# Java VM: Java HotSpot(TM) 64-Bit Server VM 18.9 (11.0.16.1+1-LTS-1, mixed mode, tiered, compressed oops, g1 gc, windows-amd64)
# No core dump will be written. Minidumps are not enabled by default on client versions of Windows
#

---------------  S U M M A R Y ------------

Command Line: -agentlib:jdwp=transport=dt_socket,suspend=y,address=localhost:62833 -javaagent:D:\Bhu Dutt\software\eclipse\configuration\org.eclipse.osgi\248\0\.cp\lib\javaagent-shaded.jar -Dfile.encoding=UTF-8 com.hitech.SaleMiscellaneousApplication

Host: 11th Gen Intel(R) Core(TM) i7-1165G7 @ 2.80GHz, 8 cores, 15G,  Windows 11 , 64 bit Build 22621 (10.0.22621.3672)
Time: Thu Apr 24 16:14:58 2025 India Standard Time elapsed time: 57.686123 seconds (0d 0h 0m 57s)

---------------  T H R E A D  ---------------

Current thread (0x0000021582e90000):  JavaThread "C2 CompilerThread0" daemon [_thread_in_native, id=15348, stack(0x000000e98f200000,0x000000e98f300000)]


Current CompileTask:
C2:  57686 11819       4       java.io.DataOutputStream::writeInt (65 bytes)

Stack: [0x000000e98f200000,0x000000e98f300000]
Native frames: (J=compiled Java code, j=interpreted, Vv=VM code, C=native code)
V  [jvm.dll+0x62a3da]
V  [jvm.dll+0x76407f]
V  [jvm.dll+0x765729]
V  [jvm.dll+0x765db3]
V  [jvm.dll+0x23dc18]
V  [jvm.dll+0xb2a1c]
V  [jvm.dll+0xb2fdc]
V  [jvm.dll+0x341497]
V  [jvm.dll+0x30ee03]
V  [jvm.dll+0x30e14a]
V  [jvm.dll+0x1f8685]
V  [jvm.dll+0x1f786d]
V  [jvm.dll+0x177c81]
V  [jvm.dll+0x207186]
V  [jvm.dll+0x20531b]
V  [jvm.dll+0x729f60]
V  [jvm.dll+0x722b34]
V  [jvm.dll+0x629276]
C  [ucrtbase.dll+0x29333]
C  [KERNEL32.DLL+0x1257d]
C  [ntdll.dll+0x5af28]


---------------  P R O C E S S  ---------------

Threads class SMR info:
_java_thread_list=0x000002159458cee0, length=23, elements={
0x00000215dfa01800, 0x0000021582e3d000, 0x0000021582e34000, 0x0000021582e8a800,
0x0000021582e8d800, 0x0000021582e8f000, 0x0000021582e90000, 0x0000021582e97800,
0x0000021582ea1000, 0x0000021583132000, 0x0000021583355000, 0x0000021583411800,
0x000002158341c000, 0x00000215856ae800, 0x0000021583001800, 0x000002158ad66000,
0x000002158e64f800, 0x00000215891cb800, 0x000002158e04b000, 0x000002158c037000,
0x000002158c035800, 0x000002158c033000, 0x000002158c039000
}

Java Threads: ( => current thread )
  0x00000215dfa01800 JavaThread "main" [_thread_blocked, id=47032, stack(0x000000e98e600000,0x000000e98e700000)]
  0x0000021582e3d000 JavaThread "Reference Handler" daemon [_thread_blocked, id=48408, stack(0x000000e98ed00000,0x000000e98ee00000)]
  0x0000021582e34000 JavaThread "Finalizer" daemon [_thread_blocked, id=52372, stack(0x000000e98ee00000,0x000000e98ef00000)]
  0x0000021582e8a800 JavaThread "Signal Dispatcher" daemon [_thread_blocked, id=43096, stack(0x000000e98ef00000,0x000000e98f000000)]
  0x0000021582e8d800 JavaThread "Attach Listener" daemon [_thread_blocked, id=2616, stack(0x000000e98f000000,0x000000e98f100000)]
  0x0000021582e8f000 JavaThread "Service Thread" daemon [_thread_blocked, id=19156, stack(0x000000e98f100000,0x000000e98f200000)]
=>0x0000021582e90000 JavaThread "C2 CompilerThread0" daemon [_thread_in_native, id=15348, stack(0x000000e98f200000,0x000000e98f300000)]
  0x0000021582e97800 JavaThread "C1 CompilerThread0" daemon [_thread_blocked, id=46852, stack(0x000000e98f300000,0x000000e98f400000)]
  0x0000021582ea1000 JavaThread "Sweeper thread" daemon [_thread_blocked, id=25096, stack(0x000000e98f400000,0x000000e98f500000)]
  0x0000021583132000 JavaThread "Common-Cleaner" daemon [_thread_blocked, id=11656, stack(0x000000e98f500000,0x000000e98f600000)]
  0x0000021583355000 JavaThread "JDWP Transport Listener: dt_socket" daemon [_thread_blocked, id=35896, stack(0x000000e98f600000,0x000000e98f700000)]
  0x0000021583411800 JavaThread "JDWP Event Helper Thread" daemon [_thread_blocked, id=15312, stack(0x000000e98f700000,0x000000e98f800000)]
  0x000002158341c000 JavaThread "JDWP Command Reader" daemon [_thread_in_native, id=48404, stack(0x000000e98f800000,0x000000e98f900000)]
  0x00000215856ae800 JavaThread "Keep-Alive-Timer" daemon [_thread_blocked, id=9784, stack(0x000000e990500000,0x000000e990600000)]
  0x0000021583001800 JavaThread "Log4j2-TF-12-Scheduled-4" daemon [_thread_blocked, id=12688, stack(0x000000e990600000,0x000000e990700000)]
  0x000002158ad66000 JavaThread "spring.cloud.inetutils" daemon [_thread_blocked, id=12600, stack(0x000000e98f900000,0x000000e98fa00000)]
  0x000002158e64f800 JavaThread "Catalina-utility-1" [_thread_blocked, id=37232, stack(0x000000e990700000,0x000000e990800000)]
  0x00000215891cb800 JavaThread "Catalina-utility-2" [_thread_blocked, id=46148, stack(0x000000e990800000,0x000000e990900000)]
  0x000002158e04b000 JavaThread "container-0" [_thread_blocked, id=20652, stack(0x000000e990900000,0x000000e990a00000)]
  0x000002158c037000 JavaThread "AsyncResolver-bootstrap-0" daemon [_thread_blocked, id=52860, stack(0x000000e990e00000,0x000000e990f00000)]
  0x000002158c035800 JavaThread "DiscoveryClient-0" daemon [_thread_blocked, id=52520, stack(0x000000e990f00000,0x000000e991000000)]
  0x000002158c033000 JavaThread "DiscoveryClient-1" daemon [_thread_blocked, id=19040, stack(0x000000e991000000,0x000000e991100000)]
  0x000002158c039000 JavaThread "DiscoveryClient-InstanceInfoReplicator-0" daemon [_thread_blocked, id=18856, stack(0x000000e991100000,0x000000e991200000)]

Other Threads:
  0x0000021582e09000 VMThread "VM Thread" [stack: 0x000000e98ec00000,0x000000e98ed00000] [id=48348]
  0x0000021583589000 WatcherThread [stack: 0x000000e98fa00000,0x000000e98fb00000] [id=44408]
  0x00000215dfa17800 GCTaskThread "GC Thread#0" [stack: 0x000000e98e700000,0x000000e98e800000] [id=23680]
  0x00000215843a8800 GCTaskThread "GC Thread#1" [stack: 0x000000e98fb00000,0x000000e98fc00000] [id=52836]
  0x0000021584086800 GCTaskThread "GC Thread#2" [stack: 0x000000e98fc00000,0x000000e98fd00000] [id=48544]
  0x0000021583a1a800 GCTaskThread "GC Thread#3" [stack: 0x000000e98fd00000,0x000000e98fe00000] [id=19688]
  0x0000021584063000 GCTaskThread "GC Thread#4" [stack: 0x000000e98fe00000,0x000000e98ff00000] [id=39844]
  0x0000021584063800 GCTaskThread "GC Thread#5" [stack: 0x000000e98ff00000,0x000000e990000000] [id=51456]
  0x000002158e563000 GCTaskThread "GC Thread#6" [stack: 0x000000e990000000,0x000000e990100000] [id=50188]
  0x000002158e215000 GCTaskThread "GC Thread#7" [stack: 0x000000e990a00000,0x000000e990b00000] [id=4880]
  0x00000215dfa73800 ConcurrentGCThread "G1 Main Marker" [stack: 0x000000e98e800000,0x000000e98e900000] [id=48552]
  0x00000215dfa75000 ConcurrentGCThread "G1 Conc#0" [stack: 0x000000e98e900000,0x000000e98ea00000] [id=38008]
  0x0000021585f80800 ConcurrentGCThread "G1 Conc#1" [stack: 0x000000e990100000,0x000000e990200000] [id=48196]
  0x00000215ffc5b000 ConcurrentGCThread "G1 Refine#0" [stack: 0x000000e98ea00000,0x000000e98eb00000] [id=44244]
  0x0000021584693000 ConcurrentGCThread "G1 Refine#1" [stack: 0x000000e990b00000,0x000000e990c00000] [id=45380]
  0x00000215ffc5c800 ConcurrentGCThread "G1 Young RemSet Sampling" [stack: 0x000000e98eb00000,0x000000e98ec00000] [id=53160]

Threads with active compile tasks:
C2 CompilerThread0    57739 11819       4       java.io.DataOutputStream::writeInt (65 bytes)

VM state:not at safepoint (normal execution)

VM Mutex/Monitor currently owned by a thread: None

Heap address: 0x0000000704000000, size: 4032 MB, Compressed Oops mode: Zero based, Oop shift amount: 3
Narrow klass base: 0x0000000800000000, Narrow klass shift: 0
Compressed class space size: 1073741824 Address: 0x0000000800000000

Heap:
 garbage-first heap   total 310272K, used 209885K [0x0000000704000000, 0x0000000800000000)
  region size 1024K, 160 young (163840K), 15 survivors (15360K)
 Metaspace       used 106655K, capacity 109155K, committed 109260K, reserved 1144832K
  class space    used 13506K, capacity 14493K, committed 14540K, reserved 1048576K
Heap Regions: E=young(eden), S=young(survivor), O=old, HS=humongous(starts), HC=humongous(continues), CS=collection set, F=free, A=archive, TAMS=top-at-mark-start (previous, next)
|   0|0x0000000704000000, 0x0000000704100000, 0x0000000704100000|100%| O|  |TAMS 0x0000000704100000, 0x0000000704000000| Untracked 
|   1|0x0000000704100000, 0x0000000704200000, 0x0000000704200000|100%|HS|  |TAMS 0x0000000704200000, 0x0000000704100000| Complete 
|   2|0x0000000704200000, 0x0000000704300000, 0x0000000704300000|100%| O|  |TAMS 0x0000000704300000, 0x0000000704200000| Untracked 
|   3|0x0000000704300000, 0x0000000704400000, 0x0000000704400000|100%| O|  |TAMS 0x0000000704400000, 0x0000000704300000| Untracked 
|   4|0x0000000704400000, 0x0000000704500000, 0x0000000704500000|100%| O|  |TAMS 0x0000000704500000, 0x0000000704400000| Untracked 
|   5|0x0000000704500000, 0x0000000704600000, 0x0000000704600000|100%| O|  |TAMS 0x0000000704600000, 0x0000000704500000| Untracked 
|   6|0x0000000704600000, 0x0000000704700000, 0x0000000704700000|100%| O|  |TAMS 0x0000000704700000, 0x0000000704600000| Untracked 
|   7|0x0000000704700000, 0x0000000704800000, 0x0000000704800000|100%| O|  |TAMS 0x0000000704800000, 0x0000000704700000| Untracked 
|   8|0x0000000704800000, 0x0000000704900000, 0x0000000704900000|100%| O|  |TAMS 0x0000000704900000, 0x0000000704800000| Untracked 
|   9|0x0000000704900000, 0x0000000704a00000, 0x0000000704a00000|100%| O|  |TAMS 0x0000000704a00000, 0x0000000704900000| Untracked 
|  10|0x0000000704a00000, 0x0000000704b00000, 0x0000000704b00000|100%| O|  |TAMS 0x0000000704b00000, 0x0000000704a00000| Untracked 
|  11|0x0000000704b00000, 0x0000000704c00000, 0x0000000704c00000|100%| O|  |TAMS 0x0000000704c00000, 0x0000000704b00000| Untracked 
|  12|0x0000000704c00000, 0x0000000704d00000, 0x0000000704d00000|100%| O|  |TAMS 0x0000000704d00000, 0x0000000704c00000| Untracked 
|  13|0x0000000704d00000, 0x0000000704e00000, 0x0000000704e00000|100%| O|  |TAMS 0x0000000704e00000, 0x0000000704d00000| Untracked 
|  14|0x0000000704e00000, 0x0000000704f00000, 0x0000000704f00000|100%| O|  |TAMS 0x0000000704f00000, 0x0000000704e00000| Untracked 
|  15|0x0000000704f00000, 0x0000000705000000, 0x0000000705000000|100%| O|  |TAMS 0x0000000705000000, 0x0000000704f00000| Untracked 
|  16|0x0000000705000000, 0x0000000705100000, 0x0000000705100000|100%| O|  |TAMS 0x0000000705100000, 0x0000000705000000| Untracked 
|  17|0x0000000705100000, 0x0000000705200000, 0x0000000705200000|100%| O|  |TAMS 0x0000000705200000, 0x0000000705100000| Untracked 
|  18|0x0000000705200000, 0x0000000705300000, 0x0000000705300000|100%| O|  |TAMS 0x0000000705300000, 0x0000000705200000| Untracked 
|  19|0x0000000705300000, 0x0000000705400000, 0x0000000705400000|100%| O|  |TAMS 0x0000000705400000, 0x0000000705300000| Untracked 
|  20|0x0000000705400000, 0x0000000705500000, 0x0000000705500000|100%| O|  |TAMS 0x0000000705500000, 0x0000000705400000| Untracked 
|  21|0x0000000705500000, 0x0000000705600000, 0x0000000705600000|100%| O|  |TAMS 0x0000000705600000, 0x0000000705500000| Untracked 
|  22|0x0000000705600000, 0x0000000705700000, 0x0000000705700000|100%| O|  |TAMS 0x0000000705700000, 0x0000000705600000| Untracked 
|  23|0x0000000705700000, 0x0000000705800000, 0x0000000705800000|100%| O|  |TAMS 0x0000000705800000, 0x0000000705700000| Untracked 
|  24|0x0000000705800000, 0x0000000705900000, 0x0000000705900000|100%| O|  |TAMS 0x0000000705900000, 0x0000000705800000| Untracked 
|  25|0x0000000705900000, 0x0000000705a00000, 0x0000000705a00000|100%| O|  |TAMS 0x0000000705a00000, 0x0000000705900000| Untracked 
|  26|0x0000000705a00000, 0x0000000705b00000, 0x0000000705b00000|100%| O|  |TAMS 0x0000000705b00000, 0x0000000705a00000| Untracked 
|  27|0x0000000705b00000, 0x0000000705c00000, 0x0000000705c00000|100%| O|  |TAMS 0x0000000705c00000, 0x0000000705b00000| Untracked 
|  28|0x0000000705c00000, 0x0000000705d00000, 0x0000000705d00000|100%| O|  |TAMS 0x0000000705d00000, 0x0000000705c00000| Untracked 
|  29|0x0000000705d00000, 0x0000000705e00000, 0x0000000705e00000|100%| O|  |TAMS 0x0000000705e00000, 0x0000000705d00000| Untracked 
|  30|0x0000000705e00000, 0x0000000705f00000, 0x0000000705f00000|100%| O|  |TAMS 0x0000000705f00000, 0x0000000705e00000| Untracked 
|  31|0x0000000705f00000, 0x0000000706000000, 0x0000000706000000|100%| O|  |TAMS 0x0000000706000000, 0x0000000705f00000| Untracked 
|  32|0x0000000706000000, 0x0000000706100000, 0x0000000706100000|100%| O|  |TAMS 0x0000000706100000, 0x0000000706000000| Untracked 
|  33|0x0000000706100000, 0x0000000706200000, 0x0000000706200000|100%| O|  |TAMS 0x0000000706200000, 0x0000000706100000| Untracked 
|  34|0x0000000706200000, 0x0000000706300000, 0x0000000706300000|100%| O|  |TAMS 0x0000000706300000, 0x0000000706200000| Untracked 
|  35|0x0000000706300000, 0x0000000706400000, 0x0000000706400000|100%| O|  |TAMS 0x0000000706400000, 0x0000000706300000| Untracked 
|  36|0x0000000706400000, 0x0000000706500000, 0x0000000706500000|100%| O|  |TAMS 0x0000000706500000, 0x0000000706400000| Untracked 
|  37|0x0000000706500000, 0x0000000706600000, 0x0000000706600000|100%| O|  |TAMS 0x0000000706600000, 0x0000000706500000| Untracked 
|  38|0x0000000706600000, 0x0000000706600000, 0x0000000706700000|  0%| F|  |TAMS 0x0000000706600000, 0x0000000706600000| Untracked 
|  39|0x0000000706700000, 0x0000000706700000, 0x0000000706800000|  0%| F|  |TAMS 0x0000000706700000, 0x0000000706700000| Untracked 
|  40|0x0000000706800000, 0x0000000706800000, 0x0000000706900000|  0%| F|  |TAMS 0x0000000706800000, 0x0000000706800000| Untracked 
|  41|0x0000000706900000, 0x0000000706a00000, 0x0000000706a00000|100%| O|  |TAMS 0x0000000706a00000, 0x0000000706900000| Untracked 
|  42|0x0000000706a00000, 0x0000000706b00000, 0x0000000706b00000|100%| O|  |TAMS 0x0000000706b00000, 0x0000000706a00000| Untracked 
|  43|0x0000000706b00000, 0x0000000706c00000, 0x0000000706c00000|100%| O|  |TAMS 0x0000000706c00000, 0x0000000706b00000| Untracked 
|  44|0x0000000706c00000, 0x0000000706d00000, 0x0000000706d00000|100%| O|  |TAMS 0x0000000706d00000, 0x0000000706c00000| Untracked 
|  45|0x0000000706d00000, 0x0000000706e00000, 0x0000000706e00000|100%| O|  |TAMS 0x0000000706e00000, 0x0000000706d00000| Untracked 
|  46|0x0000000706e00000, 0x0000000706f00000, 0x0000000706f00000|100%| O|  |TAMS 0x0000000706f00000, 0x0000000706e00000| Untracked 
|  47|0x0000000706f00000, 0x0000000707000000, 0x0000000707000000|100%| O|  |TAMS 0x0000000707000000, 0x0000000706f00000| Untracked 
|  48|0x0000000707000000, 0x00000007070f7600, 0x0000000707100000| 96%| O|  |TAMS 0x00000007070f7600, 0x0000000707000000| Untracked 
|  49|0x0000000707100000, 0x0000000707100000, 0x0000000707200000|  0%| F|  |TAMS 0x0000000707100000, 0x0000000707100000| Untracked 
|  50|0x0000000707200000, 0x0000000707200000, 0x0000000707300000|  0%| F|  |TAMS 0x0000000707200000, 0x0000000707200000| Untracked 
|  51|0x0000000707300000, 0x0000000707300000, 0x0000000707400000|  0%| F|  |TAMS 0x0000000707300000, 0x0000000707300000| Untracked 
|  52|0x0000000707400000, 0x0000000707400000, 0x0000000707500000|  0%| F|  |TAMS 0x0000000707400000, 0x0000000707400000| Untracked 
|  53|0x0000000707500000, 0x0000000707500000, 0x0000000707600000|  0%| F|  |TAMS 0x0000000707500000, 0x0000000707500000| Untracked 
|  54|0x0000000707600000, 0x0000000707600000, 0x0000000707700000|  0%| F|  |TAMS 0x0000000707600000, 0x0000000707600000| Untracked 
|  55|0x0000000707700000, 0x0000000707700000, 0x0000000707800000|  0%| F|  |TAMS 0x0000000707700000, 0x0000000707700000| Untracked 
|  56|0x0000000707800000, 0x0000000707800000, 0x0000000707900000|  0%| F|  |TAMS 0x0000000707800000, 0x0000000707800000| Untracked 
|  57|0x0000000707900000, 0x0000000707900000, 0x0000000707a00000|  0%| F|  |TAMS 0x0000000707900000, 0x0000000707900000| Untracked 
|  58|0x0000000707a00000, 0x0000000707a00000, 0x0000000707b00000|  0%| F|  |TAMS 0x0000000707a00000, 0x0000000707a00000| Untracked 
|  59|0x0000000707b00000, 0x0000000707b00000, 0x0000000707c00000|  0%| F|  |TAMS 0x0000000707b00000, 0x0000000707b00000| Untracked 
|  60|0x0000000707c00000, 0x0000000707c00000, 0x0000000707d00000|  0%| F|  |TAMS 0x0000000707c00000, 0x0000000707c00000| Untracked 
|  61|0x0000000707d00000, 0x0000000707d00000, 0x0000000707e00000|  0%| F|  |TAMS 0x0000000707d00000, 0x0000000707d00000| Untracked 
|  62|0x0000000707e00000, 0x0000000707e00000, 0x0000000707f00000|  0%| F|  |TAMS 0x0000000707e00000, 0x0000000707e00000| Untracked 
|  63|0x0000000707f00000, 0x0000000707f00000, 0x0000000708000000|  0%| F|  |TAMS 0x0000000707f00000, 0x0000000707f00000| Untracked 
|  64|0x0000000708000000, 0x0000000708000000, 0x0000000708100000|  0%| F|  |TAMS 0x0000000708000000, 0x0000000708000000| Untracked 
|  65|0x0000000708100000, 0x0000000708100000, 0x0000000708200000|  0%| F|  |TAMS 0x0000000708100000, 0x0000000708100000| Untracked 
|  66|0x0000000708200000, 0x0000000708200000, 0x0000000708300000|  0%| F|  |TAMS 0x0000000708200000, 0x0000000708200000| Untracked 
|  67|0x0000000708300000, 0x0000000708300000, 0x0000000708400000|  0%| F|  |TAMS 0x0000000708300000, 0x0000000708300000| Untracked 
|  68|0x0000000708400000, 0x0000000708400000, 0x0000000708500000|  0%| F|  |TAMS 0x0000000708400000, 0x0000000708400000| Untracked 
|  69|0x0000000708500000, 0x0000000708500000, 0x0000000708600000|  0%| F|  |TAMS 0x0000000708500000, 0x0000000708500000| Untracked 
|  70|0x0000000708600000, 0x0000000708600000, 0x0000000708700000|  0%| F|  |TAMS 0x0000000708600000, 0x0000000708600000| Untracked 
|  71|0x0000000708700000, 0x0000000708700000, 0x0000000708800000|  0%| F|  |TAMS 0x0000000708700000, 0x0000000708700000| Untracked 
|  72|0x0000000708800000, 0x0000000708800000, 0x0000000708900000|  0%| F|  |TAMS 0x0000000708800000, 0x0000000708800000| Untracked 
|  73|0x0000000708900000, 0x0000000708900000, 0x0000000708a00000|  0%| F|  |TAMS 0x0000000708900000, 0x0000000708900000| Untracked 
|  74|0x0000000708a00000, 0x0000000708a00000, 0x0000000708b00000|  0%| F|  |TAMS 0x0000000708a00000, 0x0000000708a00000| Untracked 
|  75|0x0000000708b00000, 0x0000000708b00000, 0x0000000708c00000|  0%| F|  |TAMS 0x0000000708b00000, 0x0000000708b00000| Untracked 
|  76|0x0000000708c00000, 0x0000000708c00000, 0x0000000708d00000|  0%| F|  |TAMS 0x0000000708c00000, 0x0000000708c00000| Untracked 
|  77|0x0000000708d00000, 0x0000000708d00000, 0x0000000708e00000|  0%| F|  |TAMS 0x0000000708d00000, 0x0000000708d00000| Untracked 
|  78|0x0000000708e00000, 0x0000000708e00000, 0x0000000708f00000|  0%| F|  |TAMS 0x0000000708e00000, 0x0000000708e00000| Untracked 
|  79|0x0000000708f00000, 0x0000000708f00000, 0x0000000709000000|  0%| F|  |TAMS 0x0000000708f00000, 0x0000000708f00000| Untracked 
|  80|0x0000000709000000, 0x0000000709000000, 0x0000000709100000|  0%| F|  |TAMS 0x0000000709000000, 0x0000000709000000| Untracked 
|  81|0x0000000709100000, 0x0000000709100000, 0x0000000709200000|  0%| F|  |TAMS 0x0000000709100000, 0x0000000709100000| Untracked 
|  82|0x0000000709200000, 0x0000000709200000, 0x0000000709300000|  0%| F|  |TAMS 0x0000000709200000, 0x0000000709200000| Untracked 
|  83|0x0000000709300000, 0x0000000709300000, 0x0000000709400000|  0%| F|  |TAMS 0x0000000709300000, 0x0000000709300000| Untracked 
|  84|0x0000000709400000, 0x0000000709400000, 0x0000000709500000|  0%| F|  |TAMS 0x0000000709400000, 0x0000000709400000| Untracked 
|  85|0x0000000709500000, 0x0000000709500000, 0x0000000709600000|  0%| F|  |TAMS 0x0000000709500000, 0x0000000709500000| Untracked 
|  86|0x0000000709600000, 0x0000000709600000, 0x0000000709700000|  0%| F|  |TAMS 0x0000000709600000, 0x0000000709600000| Untracked 
|  87|0x0000000709700000, 0x0000000709700000, 0x0000000709800000|  0%| F|  |TAMS 0x0000000709700000, 0x0000000709700000| Untracked 
|  88|0x0000000709800000, 0x0000000709800000, 0x0000000709900000|  0%| F|  |TAMS 0x0000000709800000, 0x0000000709800000| Untracked 
|  89|0x0000000709900000, 0x0000000709900000, 0x0000000709a00000|  0%| F|  |TAMS 0x0000000709900000, 0x0000000709900000| Untracked 
|  90|0x0000000709a00000, 0x0000000709a00000, 0x0000000709b00000|  0%| F|  |TAMS 0x0000000709a00000, 0x0000000709a00000| Untracked 
|  91|0x0000000709b00000, 0x0000000709b00000, 0x0000000709c00000|  0%| F|  |TAMS 0x0000000709b00000, 0x0000000709b00000| Untracked 
|  92|0x0000000709c00000, 0x0000000709c00000, 0x0000000709d00000|  0%| F|  |TAMS 0x0000000709c00000, 0x0000000709c00000| Untracked 
|  93|0x0000000709d00000, 0x0000000709d00000, 0x0000000709e00000|  0%| F|  |TAMS 0x0000000709d00000, 0x0000000709d00000| Untracked 
|  94|0x0000000709e00000, 0x0000000709e00000, 0x0000000709f00000|  0%| F|  |TAMS 0x0000000709e00000, 0x0000000709e00000| Untracked 
|  95|0x0000000709f00000, 0x0000000709f00000, 0x000000070a000000|  0%| F|  |TAMS 0x0000000709f00000, 0x0000000709f00000| Untracked 
|  96|0x000000070a000000, 0x000000070a000000, 0x000000070a100000|  0%| F|  |TAMS 0x000000070a000000, 0x000000070a000000| Untracked 
|  97|0x000000070a100000, 0x000000070a100000, 0x000000070a200000|  0%| F|  |TAMS 0x000000070a100000, 0x000000070a100000| Untracked 
|  98|0x000000070a200000, 0x000000070a200000, 0x000000070a300000|  0%| F|  |TAMS 0x000000070a200000, 0x000000070a200000| Untracked 
|  99|0x000000070a300000, 0x000000070a300000, 0x000000070a400000|  0%| F|  |TAMS 0x000000070a300000, 0x000000070a300000| Untracked 
| 100|0x000000070a400000, 0x000000070a400000, 0x000000070a500000|  0%| F|  |TAMS 0x000000070a400000, 0x000000070a400000| Untracked 
| 101|0x000000070a500000, 0x000000070a500000, 0x000000070a600000|  0%| F|  |TAMS 0x000000070a500000, 0x000000070a500000| Untracked 
| 102|0x000000070a600000, 0x000000070a600000, 0x000000070a700000|  0%| F|  |TAMS 0x000000070a600000, 0x000000070a600000| Untracked 
| 103|0x000000070a700000, 0x000000070a700000, 0x000000070a800000|  0%| F|  |TAMS 0x000000070a700000, 0x000000070a700000| Untracked 
| 104|0x000000070a800000, 0x000000070a800000, 0x000000070a900000|  0%| F|  |TAMS 0x000000070a800000, 0x000000070a800000| Untracked 
| 105|0x000000070a900000, 0x000000070a900000, 0x000000070aa00000|  0%| F|  |TAMS 0x000000070a900000, 0x000000070a900000| Untracked 
| 106|0x000000070aa00000, 0x000000070aa00000, 0x000000070ab00000|  0%| F|  |TAMS 0x000000070aa00000, 0x000000070aa00000| Untracked 
| 107|0x000000070ab00000, 0x000000070ac00000, 0x000000070ac00000|100%| S|CS|TAMS 0x000000070ab00000, 0x000000070ab00000| Complete 
| 108|0x000000070ac00000, 0x000000070ad00000, 0x000000070ad00000|100%| S|CS|TAMS 0x000000070ac00000, 0x000000070ac00000| Complete 
| 109|0x000000070ad00000, 0x000000070ae00000, 0x000000070ae00000|100%| S|CS|TAMS 0x000000070ad00000, 0x000000070ad00000| Complete 
| 110|0x000000070ae00000, 0x000000070af00000, 0x000000070af00000|100%| S|CS|TAMS 0x000000070ae00000, 0x000000070ae00000| Complete 
| 111|0x000000070af00000, 0x000000070b000000, 0x000000070b000000|100%| S|CS|TAMS 0x000000070af00000, 0x000000070af00000| Complete 
| 112|0x000000070b000000, 0x000000070b100000, 0x000000070b100000|100%| S|CS|TAMS 0x000000070b000000, 0x000000070b000000| Complete 
| 113|0x000000070b100000, 0x000000070b200000, 0x000000070b200000|100%| S|CS|TAMS 0x000000070b100000, 0x000000070b100000| Complete 
| 114|0x000000070b200000, 0x000000070b300000, 0x000000070b300000|100%| S|CS|TAMS 0x000000070b200000, 0x000000070b200000| Complete 
| 115|0x000000070b300000, 0x000000070b400000, 0x000000070b400000|100%| S|CS|TAMS 0x000000070b300000, 0x000000070b300000| Complete 
| 116|0x000000070b400000, 0x000000070b500000, 0x000000070b500000|100%| S|CS|TAMS 0x000000070b400000, 0x000000070b400000| Complete 
| 117|0x000000070b500000, 0x000000070b600000, 0x000000070b600000|100%| S|CS|TAMS 0x000000070b500000, 0x000000070b500000| Complete 
| 118|0x000000070b600000, 0x000000070b700000, 0x000000070b700000|100%| S|CS|TAMS 0x000000070b600000, 0x000000070b600000| Complete 
| 119|0x000000070b700000, 0x000000070b800000, 0x000000070b800000|100%| S|CS|TAMS 0x000000070b700000, 0x000000070b700000| Complete 
| 120|0x000000070b800000, 0x000000070b900000, 0x000000070b900000|100%| S|CS|TAMS 0x000000070b800000, 0x000000070b800000| Complete 
| 121|0x000000070b900000, 0x000000070ba00000, 0x000000070ba00000|100%| S|CS|TAMS 0x000000070b900000, 0x000000070b900000| Complete 
| 122|0x000000070ba00000, 0x000000070ba00000, 0x000000070bb00000|  0%| F|  |TAMS 0x000000070ba00000, 0x000000070ba00000| Untracked 
| 123|0x000000070bb00000, 0x000000070bb00000, 0x000000070bc00000|  0%| F|  |TAMS 0x000000070bb00000, 0x000000070bb00000| Untracked 
| 124|0x000000070bc00000, 0x000000070bc00000, 0x000000070bd00000|  0%| F|  |TAMS 0x000000070bc00000, 0x000000070bc00000| Untracked 
| 125|0x000000070bd00000, 0x000000070bd00000, 0x000000070be00000|  0%| F|  |TAMS 0x000000070bd00000, 0x000000070bd00000| Untracked 
| 126|0x000000070be00000, 0x000000070be00000, 0x000000070bf00000|  0%| F|  |TAMS 0x000000070be00000, 0x000000070be00000| Untracked 
| 127|0x000000070bf00000, 0x000000070bf00000, 0x000000070c000000|  0%| F|  |TAMS 0x000000070bf00000, 0x000000070bf00000| Untracked 
| 128|0x000000070c000000, 0x000000070c000000, 0x000000070c100000|  0%| F|  |TAMS 0x000000070c000000, 0x000000070c000000| Untracked 
| 129|0x000000070c100000, 0x000000070c100000, 0x000000070c200000|  0%| F|  |TAMS 0x000000070c100000, 0x000000070c100000| Untracked 
| 130|0x000000070c200000, 0x000000070c200000, 0x000000070c300000|  0%| F|  |TAMS 0x000000070c200000, 0x000000070c200000| Untracked 
| 131|0x000000070c300000, 0x000000070c300000, 0x000000070c400000|  0%| F|  |TAMS 0x000000070c300000, 0x000000070c300000| Untracked 
| 132|0x000000070c400000, 0x000000070c400000, 0x000000070c500000|  0%| F|  |TAMS 0x000000070c400000, 0x000000070c400000| Untracked 
| 133|0x000000070c500000, 0x000000070c500000, 0x000000070c600000|  0%| F|  |TAMS 0x000000070c500000, 0x000000070c500000| Untracked 
| 134|0x000000070c600000, 0x000000070c600000, 0x000000070c700000|  0%| F|  |TAMS 0x000000070c600000, 0x000000070c600000| Untracked 
| 135|0x000000070c700000, 0x000000070c700000, 0x000000070c800000|  0%| F|  |TAMS 0x000000070c700000, 0x000000070c700000| Untracked 
| 136|0x000000070c800000, 0x000000070c800000, 0x000000070c900000|  0%| F|  |TAMS 0x000000070c800000, 0x000000070c800000| Untracked 
| 137|0x000000070c900000, 0x000000070c900000, 0x000000070ca00000|  0%| F|  |TAMS 0x000000070c900000, 0x000000070c900000| Untracked 
| 138|0x000000070ca00000, 0x000000070ca00000, 0x000000070cb00000|  0%| F|  |TAMS 0x000000070ca00000, 0x000000070ca00000| Untracked 
| 139|0x000000070cb00000, 0x000000070cb00000, 0x000000070cc00000|  0%| F|  |TAMS 0x000000070cb00000, 0x000000070cb00000| Untracked 
| 140|0x000000070cc00000, 0x000000070cc00000, 0x000000070cd00000|  0%| F|  |TAMS 0x000000070cc00000, 0x000000070cc00000| Untracked 
| 141|0x000000070cd00000, 0x000000070cd00000, 0x000000070ce00000|  0%| F|  |TAMS 0x000000070cd00000, 0x000000070cd00000| Untracked 
| 142|0x000000070ce00000, 0x000000070ce00000, 0x000000070cf00000|  0%| F|  |TAMS 0x000000070ce00000, 0x000000070ce00000| Untracked 
| 143|0x000000070cf00000, 0x000000070cf00000, 0x000000070d000000|  0%| F|  |TAMS 0x000000070cf00000, 0x000000070cf00000| Untracked 
| 144|0x000000070d000000, 0x000000070d000000, 0x000000070d100000|  0%| F|  |TAMS 0x000000070d000000, 0x000000070d000000| Untracked 
| 145|0x000000070d100000, 0x000000070d100000, 0x000000070d200000|  0%| F|  |TAMS 0x000000070d100000, 0x000000070d100000| Untracked 
| 146|0x000000070d200000, 0x000000070d200000, 0x000000070d300000|  0%| F|  |TAMS 0x000000070d200000, 0x000000070d200000| Untracked 
| 147|0x000000070d300000, 0x000000070d300000, 0x000000070d400000|  0%| F|  |TAMS 0x000000070d300000, 0x000000070d300000| Untracked 
| 148|0x000000070d400000, 0x000000070d400000, 0x000000070d500000|  0%| F|  |TAMS 0x000000070d400000, 0x000000070d400000| Untracked 
| 149|0x000000070d500000, 0x000000070d500000, 0x000000070d600000|  0%| F|  |TAMS 0x000000070d500000, 0x000000070d500000| Untracked 
| 150|0x000000070d600000, 0x000000070d600000, 0x000000070d700000|  0%| F|  |TAMS 0x000000070d600000, 0x000000070d600000| Untracked 
| 151|0x000000070d700000, 0x000000070d700000, 0x000000070d800000|  0%| F|  |TAMS 0x000000070d700000, 0x000000070d700000| Untracked 
| 152|0x000000070d800000, 0x000000070d800000, 0x000000070d900000|  0%| F|  |TAMS 0x000000070d800000, 0x000000070d800000| Untracked 
| 153|0x000000070d900000, 0x000000070d900000, 0x000000070da00000|  0%| F|  |TAMS 0x000000070d900000, 0x000000070d900000| Untracked 
| 154|0x000000070da00000, 0x000000070da00000, 0x000000070db00000|  0%| F|  |TAMS 0x000000070da00000, 0x000000070da00000| Untracked 
| 155|0x000000070db00000, 0x000000070db00000, 0x000000070dc00000|  0%| F|  |TAMS 0x000000070db00000, 0x000000070db00000| Untracked 
| 156|0x000000070dc00000, 0x000000070dc00000, 0x000000070dd00000|  0%| F|  |TAMS 0x000000070dc00000, 0x000000070dc00000| Untracked 
| 157|0x000000070dd00000, 0x000000070dd00000, 0x000000070de00000|  0%| F|  |TAMS 0x000000070dd00000, 0x000000070dd00000| Untracked 
| 158|0x000000070de00000, 0x000000070de00800, 0x000000070df00000|  0%| E|  |TAMS 0x000000070de00000, 0x000000070de00000| Complete 
| 159|0x000000070df00000, 0x000000070e000000, 0x000000070e000000|100%| E|CS|TAMS 0x000000070df00000, 0x000000070df00000| Complete 
| 160|0x000000070e000000, 0x000000070e100000, 0x000000070e100000|100%| E|CS|TAMS 0x000000070e000000, 0x000000070e000000| Complete 
| 161|0x000000070e100000, 0x000000070e200000, 0x000000070e200000|100%| E|CS|TAMS 0x000000070e100000, 0x000000070e100000| Complete 
| 162|0x000000070e200000, 0x000000070e300000, 0x000000070e300000|100%| E|CS|TAMS 0x000000070e200000, 0x000000070e200000| Complete 
| 163|0x000000070e300000, 0x000000070e400000, 0x000000070e400000|100%| E|CS|TAMS 0x000000070e300000, 0x000000070e300000| Complete 
| 164|0x000000070e400000, 0x000000070e500000, 0x000000070e500000|100%| E|CS|TAMS 0x000000070e400000, 0x000000070e400000| Complete 
| 165|0x000000070e500000, 0x000000070e600000, 0x000000070e600000|100%| E|CS|TAMS 0x000000070e500000, 0x000000070e500000| Complete 
| 166|0x000000070e600000, 0x000000070e700000, 0x000000070e700000|100%| E|CS|TAMS 0x000000070e600000, 0x000000070e600000| Complete 
| 167|0x000000070e700000, 0x000000070e800000, 0x000000070e800000|100%| E|CS|TAMS 0x000000070e700000, 0x000000070e700000| Complete 
| 168|0x000000070e800000, 0x000000070e900000, 0x000000070e900000|100%| E|CS|TAMS 0x000000070e800000, 0x000000070e800000| Complete 
| 169|0x000000070e900000, 0x000000070ea00000, 0x000000070ea00000|100%| E|CS|TAMS 0x000000070e900000, 0x000000070e900000| Complete 
| 170|0x000000070ea00000, 0x000000070eb00000, 0x000000070eb00000|100%| E|CS|TAMS 0x000000070ea00000, 0x000000070ea00000| Complete 
| 171|0x000000070eb00000, 0x000000070ec00000, 0x000000070ec00000|100%| E|CS|TAMS 0x000000070eb00000, 0x000000070eb00000| Complete 
| 172|0x000000070ec00000, 0x000000070ed00000, 0x000000070ed00000|100%| E|CS|TAMS 0x000000070ec00000, 0x000000070ec00000| Complete 
| 173|0x000000070ed00000, 0x000000070ee00000, 0x000000070ee00000|100%| E|CS|TAMS 0x000000070ed00000, 0x000000070ed00000| Complete 
| 174|0x000000070ee00000, 0x000000070ef00000, 0x000000070ef00000|100%| E|CS|TAMS 0x000000070ee00000, 0x000000070ee00000| Complete 
| 175|0x000000070ef00000, 0x000000070f000000, 0x000000070f000000|100%| E|CS|TAMS 0x000000070ef00000, 0x000000070ef00000| Complete 
| 176|0x000000070f000000, 0x000000070f100000, 0x000000070f100000|100%| E|CS|TAMS 0x000000070f000000, 0x000000070f000000| Complete 
| 177|0x000000070f100000, 0x000000070f200000, 0x000000070f200000|100%| E|CS|TAMS 0x000000070f100000, 0x000000070f100000| Complete 
| 178|0x000000070f200000, 0x000000070f300000, 0x000000070f300000|100%| E|CS|TAMS 0x000000070f200000, 0x000000070f200000| Complete 
| 179|0x000000070f300000, 0x000000070f400000, 0x000000070f400000|100%| E|CS|TAMS 0x000000070f300000, 0x000000070f300000| Complete 
| 180|0x000000070f400000, 0x000000070f500000, 0x000000070f500000|100%| E|CS|TAMS 0x000000070f400000, 0x000000070f400000| Complete 
| 181|0x000000070f500000, 0x000000070f600000, 0x000000070f600000|100%| E|CS|TAMS 0x000000070f500000, 0x000000070f500000| Complete 
| 182|0x000000070f600000, 0x000000070f700000, 0x000000070f700000|100%| E|CS|TAMS 0x000000070f600000, 0x000000070f600000| Complete 
| 183|0x000000070f700000, 0x000000070f800000, 0x000000070f800000|100%| E|CS|TAMS 0x000000070f700000, 0x000000070f700000| Complete 
| 184|0x000000070f800000, 0x000000070f900000, 0x000000070f900000|100%| E|CS|TAMS 0x000000070f800000, 0x000000070f800000| Complete 
| 185|0x000000070f900000, 0x000000070fa00000, 0x000000070fa00000|100%| E|CS|TAMS 0x000000070f900000, 0x000000070f900000| Complete 
| 186|0x000000070fa00000, 0x000000070fb00000, 0x000000070fb00000|100%| E|CS|TAMS 0x000000070fa00000, 0x000000070fa00000| Complete 
| 187|0x000000070fb00000, 0x000000070fc00000, 0x000000070fc00000|100%| E|CS|TAMS 0x000000070fb00000, 0x000000070fb00000| Complete 
| 188|0x000000070fc00000, 0x000000070fd00000, 0x000000070fd00000|100%| E|CS|TAMS 0x000000070fc00000, 0x000000070fc00000| Complete 
| 189|0x000000070fd00000, 0x000000070fe00000, 0x000000070fe00000|100%| E|CS|TAMS 0x000000070fd00000, 0x000000070fd00000| Complete 
| 190|0x000000070fe00000, 0x000000070ff00000, 0x000000070ff00000|100%| E|CS|TAMS 0x000000070fe00000, 0x000000070fe00000| Complete 
| 191|0x000000070ff00000, 0x0000000710000000, 0x0000000710000000|100%| E|CS|TAMS 0x000000070ff00000, 0x000000070ff00000| Complete 
| 192|0x0000000710000000, 0x0000000710100000, 0x0000000710100000|100%| E|CS|TAMS 0x0000000710000000, 0x0000000710000000| Complete 
| 193|0x0000000710100000, 0x0000000710200000, 0x0000000710200000|100%| E|CS|TAMS 0x0000000710100000, 0x0000000710100000| Complete 
| 194|0x0000000710200000, 0x0000000710300000, 0x0000000710300000|100%| E|CS|TAMS 0x0000000710200000, 0x0000000710200000| Complete 
| 195|0x0000000710300000, 0x0000000710400000, 0x0000000710400000|100%| E|CS|TAMS 0x0000000710300000, 0x0000000710300000| Complete 
| 196|0x0000000710400000, 0x0000000710500000, 0x0000000710500000|100%| E|CS|TAMS 0x0000000710400000, 0x0000000710400000| Complete 
| 197|0x0000000710500000, 0x0000000710600000, 0x0000000710600000|100%| E|CS|TAMS 0x0000000710500000, 0x0000000710500000| Complete 
| 198|0x0000000710600000, 0x0000000710700000, 0x0000000710700000|100%| E|CS|TAMS 0x0000000710600000, 0x0000000710600000| Complete 
| 199|0x0000000710700000, 0x0000000710800000, 0x0000000710800000|100%| E|CS|TAMS 0x0000000710700000, 0x0000000710700000| Complete 
| 200|0x0000000710800000, 0x0000000710900000, 0x0000000710900000|100%| E|CS|TAMS 0x0000000710800000, 0x0000000710800000| Complete 
| 201|0x0000000710900000, 0x0000000710a00000, 0x0000000710a00000|100%| E|CS|TAMS 0x0000000710900000, 0x0000000710900000| Complete 
| 202|0x0000000710a00000, 0x0000000710b00000, 0x0000000710b00000|100%| E|CS|TAMS 0x0000000710a00000, 0x0000000710a00000| Complete 
| 203|0x0000000710b00000, 0x0000000710c00000, 0x0000000710c00000|100%| E|CS|TAMS 0x0000000710b00000, 0x0000000710b00000| Complete 
| 204|0x0000000710c00000, 0x0000000710d00000, 0x0000000710d00000|100%| E|CS|TAMS 0x0000000710c00000, 0x0000000710c00000| Complete 
| 205|0x0000000710d00000, 0x0000000710e00000, 0x0000000710e00000|100%| E|CS|TAMS 0x0000000710d00000, 0x0000000710d00000| Complete 
| 206|0x0000000710e00000, 0x0000000710f00000, 0x0000000710f00000|100%| E|CS|TAMS 0x0000000710e00000, 0x0000000710e00000| Complete 
| 207|0x0000000710f00000, 0x0000000711000000, 0x0000000711000000|100%| E|CS|TAMS 0x0000000710f00000, 0x0000000710f00000| Complete 
| 208|0x0000000711000000, 0x0000000711100000, 0x0000000711100000|100%| E|CS|TAMS 0x0000000711000000, 0x0000000711000000| Complete 
| 209|0x0000000711100000, 0x0000000711200000, 0x0000000711200000|100%| E|CS|TAMS 0x0000000711100000, 0x0000000711100000| Complete 
| 210|0x0000000711200000, 0x0000000711300000, 0x0000000711300000|100%| E|CS|TAMS 0x0000000711200000, 0x0000000711200000| Complete 
| 211|0x0000000711300000, 0x0000000711400000, 0x0000000711400000|100%| E|CS|TAMS 0x0000000711300000, 0x0000000711300000| Complete 
| 212|0x0000000711400000, 0x0000000711500000, 0x0000000711500000|100%| E|CS|TAMS 0x0000000711400000, 0x0000000711400000| Complete 
| 213|0x0000000711500000, 0x0000000711600000, 0x0000000711600000|100%| E|CS|TAMS 0x0000000711500000, 0x0000000711500000| Complete 
| 214|0x0000000711600000, 0x0000000711700000, 0x0000000711700000|100%| E|CS|TAMS 0x0000000711600000, 0x0000000711600000| Complete 
| 215|0x0000000711700000, 0x0000000711800000, 0x0000000711800000|100%| E|CS|TAMS 0x0000000711700000, 0x0000000711700000| Complete 
| 216|0x0000000711800000, 0x0000000711900000, 0x0000000711900000|100%| E|CS|TAMS 0x0000000711800000, 0x0000000711800000| Complete 
| 217|0x0000000711900000, 0x0000000711a00000, 0x0000000711a00000|100%| E|CS|TAMS 0x0000000711900000, 0x0000000711900000| Complete 
| 218|0x0000000711a00000, 0x0000000711b00000, 0x0000000711b00000|100%| E|CS|TAMS 0x0000000711a00000, 0x0000000711a00000| Complete 
| 219|0x0000000711b00000, 0x0000000711c00000, 0x0000000711c00000|100%| E|CS|TAMS 0x0000000711b00000, 0x0000000711b00000| Complete 
| 220|0x0000000711c00000, 0x0000000711d00000, 0x0000000711d00000|100%| E|CS|TAMS 0x0000000711c00000, 0x0000000711c00000| Complete 
| 221|0x0000000711d00000, 0x0000000711e00000, 0x0000000711e00000|100%| E|CS|TAMS 0x0000000711d00000, 0x0000000711d00000| Complete 
| 222|0x0000000711e00000, 0x0000000711f00000, 0x0000000711f00000|100%| E|CS|TAMS 0x0000000711e00000, 0x0000000711e00000| Complete 
| 223|0x0000000711f00000, 0x0000000712000000, 0x0000000712000000|100%| E|CS|TAMS 0x0000000711f00000, 0x0000000711f00000| Complete 
| 224|0x0000000712000000, 0x0000000712100000, 0x0000000712100000|100%| E|CS|TAMS 0x0000000712000000, 0x0000000712000000| Complete 
| 225|0x0000000712100000, 0x0000000712200000, 0x0000000712200000|100%| E|CS|TAMS 0x0000000712100000, 0x0000000712100000| Complete 
| 226|0x0000000712200000, 0x0000000712300000, 0x0000000712300000|100%| E|CS|TAMS 0x0000000712200000, 0x0000000712200000| Complete 
| 227|0x0000000712300000, 0x0000000712400000, 0x0000000712400000|100%| E|CS|TAMS 0x0000000712300000, 0x0000000712300000| Complete 
| 228|0x0000000712400000, 0x0000000712500000, 0x0000000712500000|100%| E|CS|TAMS 0x0000000712400000, 0x0000000712400000| Complete 
| 229|0x0000000712500000, 0x0000000712600000, 0x0000000712600000|100%| E|CS|TAMS 0x0000000712500000, 0x0000000712500000| Complete 
| 230|0x0000000712600000, 0x0000000712700000, 0x0000000712700000|100%| E|CS|TAMS 0x0000000712600000, 0x0000000712600000| Complete 
| 231|0x0000000712700000, 0x0000000712800000, 0x0000000712800000|100%| E|CS|TAMS 0x0000000712700000, 0x0000000712700000| Complete 
| 232|0x0000000712800000, 0x0000000712900000, 0x0000000712900000|100%| E|CS|TAMS 0x0000000712800000, 0x0000000712800000| Complete 
| 233|0x0000000712900000, 0x0000000712a00000, 0x0000000712a00000|100%| E|CS|TAMS 0x0000000712900000, 0x0000000712900000| Complete 
| 234|0x0000000712a00000, 0x0000000712b00000, 0x0000000712b00000|100%| E|CS|TAMS 0x0000000712a00000, 0x0000000712a00000| Complete 
| 235|0x0000000712b00000, 0x0000000712c00000, 0x0000000712c00000|100%| E|CS|TAMS 0x0000000712b00000, 0x0000000712b00000| Complete 
| 236|0x0000000712c00000, 0x0000000712d00000, 0x0000000712d00000|100%| E|CS|TAMS 0x0000000712c00000, 0x0000000712c00000| Complete 
| 237|0x0000000712d00000, 0x0000000712e00000, 0x0000000712e00000|100%| E|CS|TAMS 0x0000000712d00000, 0x0000000712d00000| Complete 
| 238|0x0000000712e00000, 0x0000000712f00000, 0x0000000712f00000|100%| E|CS|TAMS 0x0000000712e00000, 0x0000000712e00000| Complete 
| 239|0x0000000712f00000, 0x0000000713000000, 0x0000000713000000|100%| E|CS|TAMS 0x0000000712f00000, 0x0000000712f00000| Complete 
| 240|0x0000000713000000, 0x0000000713100000, 0x0000000713100000|100%| E|CS|TAMS 0x0000000713000000, 0x0000000713000000| Complete 
| 241|0x0000000713100000, 0x0000000713200000, 0x0000000713200000|100%| E|CS|TAMS 0x0000000713100000, 0x0000000713100000| Complete 
| 242|0x0000000713200000, 0x0000000713300000, 0x0000000713300000|100%| E|CS|TAMS 0x0000000713200000, 0x0000000713200000| Complete 
| 243|0x0000000713300000, 0x0000000713400000, 0x0000000713400000|100%| E|CS|TAMS 0x0000000713300000, 0x0000000713300000| Complete 
| 244|0x0000000713400000, 0x0000000713500000, 0x0000000713500000|100%| E|CS|TAMS 0x0000000713400000, 0x0000000713400000| Complete 
| 245|0x0000000713500000, 0x0000000713600000, 0x0000000713600000|100%| E|CS|TAMS 0x0000000713500000, 0x0000000713500000| Complete 
| 246|0x0000000713600000, 0x0000000713700000, 0x0000000713700000|100%| E|CS|TAMS 0x0000000713600000, 0x0000000713600000| Complete 
| 247|0x0000000713700000, 0x0000000713800000, 0x0000000713800000|100%| E|CS|TAMS 0x0000000713700000, 0x0000000713700000| Complete 
| 248|0x0000000713800000, 0x0000000713900000, 0x0000000713900000|100%| E|CS|TAMS 0x0000000713800000, 0x0000000713800000| Complete 
| 249|0x0000000713900000, 0x0000000713a00000, 0x0000000713a00000|100%| E|CS|TAMS 0x0000000713900000, 0x0000000713900000| Complete 
| 250|0x0000000713a00000, 0x0000000713b00000, 0x0000000713b00000|100%| E|CS|TAMS 0x0000000713a00000, 0x0000000713a00000| Complete 
| 251|0x0000000713b00000, 0x0000000713c00000, 0x0000000713c00000|100%| E|CS|TAMS 0x0000000713b00000, 0x0000000713b00000| Complete 
| 252|0x0000000713c00000, 0x0000000713d00000, 0x0000000713d00000|100%| E|CS|TAMS 0x0000000713c00000, 0x0000000713c00000| Complete 
| 253|0x0000000713d00000, 0x0000000713e00000, 0x0000000713e00000|100%| E|CS|TAMS 0x0000000713d00000, 0x0000000713d00000| Complete 
| 254|0x0000000713e00000, 0x0000000713f00000, 0x0000000713f00000|100%| E|CS|TAMS 0x0000000713e00000, 0x0000000713e00000| Complete 
| 255|0x0000000713f00000, 0x0000000714000000, 0x0000000714000000|100%| E|CS|TAMS 0x0000000713f00000, 0x0000000713f00000| Complete 
| 256|0x0000000714000000, 0x0000000714100000, 0x0000000714100000|100%| E|CS|TAMS 0x0000000714000000, 0x0000000714000000| Complete 
| 257|0x0000000714100000, 0x0000000714200000, 0x0000000714200000|100%| E|CS|TAMS 0x0000000714100000, 0x0000000714100000| Complete 
| 258|0x0000000714200000, 0x0000000714300000, 0x0000000714300000|100%| E|CS|TAMS 0x0000000714200000, 0x0000000714200000| Complete 
| 259|0x0000000714300000, 0x0000000714400000, 0x0000000714400000|100%| E|CS|TAMS 0x0000000714300000, 0x0000000714300000| Complete 
| 260|0x0000000714400000, 0x0000000714500000, 0x0000000714500000|100%| E|CS|TAMS 0x0000000714400000, 0x0000000714400000| Complete 
| 261|0x0000000714500000, 0x0000000714600000, 0x0000000714600000|100%| E|CS|TAMS 0x0000000714500000, 0x0000000714500000| Complete 
| 262|0x0000000714600000, 0x0000000714700000, 0x0000000714700000|100%| E|CS|TAMS 0x0000000714600000, 0x0000000714600000| Complete 
| 263|0x0000000714700000, 0x0000000714800000, 0x0000000714800000|100%| E|CS|TAMS 0x0000000714700000, 0x0000000714700000| Complete 
| 264|0x0000000714800000, 0x0000000714900000, 0x0000000714900000|100%| E|CS|TAMS 0x0000000714800000, 0x0000000714800000| Complete 
| 265|0x0000000714900000, 0x0000000714a00000, 0x0000000714a00000|100%| E|CS|TAMS 0x0000000714900000, 0x0000000714900000| Complete 
| 266|0x0000000714a00000, 0x0000000714b00000, 0x0000000714b00000|100%| E|CS|TAMS 0x0000000714a00000, 0x0000000714a00000| Complete 
| 267|0x0000000714b00000, 0x0000000714c00000, 0x0000000714c00000|100%| E|CS|TAMS 0x0000000714b00000, 0x0000000714b00000| Complete 
| 268|0x0000000714c00000, 0x0000000714d00000, 0x0000000714d00000|100%| E|CS|TAMS 0x0000000714c00000, 0x0000000714c00000| Complete 
| 269|0x0000000714d00000, 0x0000000714e00000, 0x0000000714e00000|100%| E|CS|TAMS 0x0000000714d00000, 0x0000000714d00000| Complete 
| 270|0x0000000714e00000, 0x0000000714f00000, 0x0000000714f00000|100%| E|CS|TAMS 0x0000000714e00000, 0x0000000714e00000| Complete 
| 271|0x0000000714f00000, 0x0000000715000000, 0x0000000715000000|100%| E|CS|TAMS 0x0000000714f00000, 0x0000000714f00000| Complete 
| 272|0x0000000715000000, 0x0000000715100000, 0x0000000715100000|100%| E|CS|TAMS 0x0000000715000000, 0x0000000715000000| Complete 
| 273|0x0000000715100000, 0x0000000715200000, 0x0000000715200000|100%| E|CS|TAMS 0x0000000715100000, 0x0000000715100000| Complete 
| 274|0x0000000715200000, 0x0000000715300000, 0x0000000715300000|100%| E|CS|TAMS 0x0000000715200000, 0x0000000715200000| Complete 
| 275|0x0000000715300000, 0x0000000715400000, 0x0000000715400000|100%| E|CS|TAMS 0x0000000715300000, 0x0000000715300000| Complete 
| 276|0x0000000715400000, 0x0000000715500000, 0x0000000715500000|100%| E|CS|TAMS 0x0000000715400000, 0x0000000715400000| Complete 
| 277|0x0000000715500000, 0x0000000715600000, 0x0000000715600000|100%| E|CS|TAMS 0x0000000715500000, 0x0000000715500000| Complete 
| 278|0x0000000715600000, 0x0000000715700000, 0x0000000715700000|100%| E|CS|TAMS 0x0000000715600000, 0x0000000715600000| Complete 
| 279|0x0000000715700000, 0x0000000715800000, 0x0000000715800000|100%| E|CS|TAMS 0x0000000715700000, 0x0000000715700000| Complete 
| 280|0x0000000715800000, 0x0000000715900000, 0x0000000715900000|100%| E|CS|TAMS 0x0000000715800000, 0x0000000715800000| Complete 
| 281|0x0000000715900000, 0x0000000715a00000, 0x0000000715a00000|100%| E|CS|TAMS 0x0000000715900000, 0x0000000715900000| Complete 
| 282|0x0000000715a00000, 0x0000000715b00000, 0x0000000715b00000|100%| E|CS|TAMS 0x0000000715a00000, 0x0000000715a00000| Complete 
| 283|0x0000000715b00000, 0x0000000715c00000, 0x0000000715c00000|100%| E|CS|TAMS 0x0000000715b00000, 0x0000000715b00000| Complete 
| 284|0x0000000715c00000, 0x0000000715d00000, 0x0000000715d00000|100%| E|CS|TAMS 0x0000000715c00000, 0x0000000715c00000| Complete 
| 285|0x0000000715d00000, 0x0000000715e00000, 0x0000000715e00000|100%| E|CS|TAMS 0x0000000715d00000, 0x0000000715d00000| Complete 
| 286|0x0000000715e00000, 0x0000000715f00000, 0x0000000715f00000|100%| E|CS|TAMS 0x0000000715e00000, 0x0000000715e00000| Complete 
| 287|0x0000000715f00000, 0x0000000716000000, 0x0000000716000000|100%| E|CS|TAMS 0x0000000715f00000, 0x0000000715f00000| Complete 
| 288|0x0000000716000000, 0x0000000716100000, 0x0000000716100000|100%| E|CS|TAMS 0x0000000716000000, 0x0000000716000000| Complete 
| 289|0x0000000716100000, 0x0000000716200000, 0x0000000716200000|100%| E|CS|TAMS 0x0000000716100000, 0x0000000716100000| Complete 
| 290|0x0000000716200000, 0x0000000716300000, 0x0000000716300000|100%| E|CS|TAMS 0x0000000716200000, 0x0000000716200000| Complete 
| 291|0x0000000716300000, 0x0000000716400000, 0x0000000716400000|100%| E|CS|TAMS 0x0000000716300000, 0x0000000716300000| Complete 
| 292|0x0000000716400000, 0x0000000716500000, 0x0000000716500000|100%| E|CS|TAMS 0x0000000716400000, 0x0000000716400000| Complete 
| 293|0x0000000716500000, 0x0000000716600000, 0x0000000716600000|100%| E|CS|TAMS 0x0000000716500000, 0x0000000716500000| Complete 
| 294|0x0000000716600000, 0x0000000716700000, 0x0000000716700000|100%| E|CS|TAMS 0x0000000716600000, 0x0000000716600000| Complete 
| 295|0x0000000716700000, 0x0000000716800000, 0x0000000716800000|100%| E|CS|TAMS 0x0000000716700000, 0x0000000716700000| Complete 
| 296|0x0000000716800000, 0x0000000716900000, 0x0000000716900000|100%| E|CS|TAMS 0x0000000716800000, 0x0000000716800000| Complete 
| 297|0x0000000716900000, 0x0000000716a00000, 0x0000000716a00000|100%| E|CS|TAMS 0x0000000716900000, 0x0000000716900000| Complete 
| 298|0x0000000716a00000, 0x0000000716b00000, 0x0000000716b00000|100%| E|CS|TAMS 0x0000000716a00000, 0x0000000716a00000| Complete 
| 299|0x0000000716b00000, 0x0000000716c00000, 0x0000000716c00000|100%| E|CS|TAMS 0x0000000716b00000, 0x0000000716b00000| Complete 
| 300|0x0000000716c00000, 0x0000000716d00000, 0x0000000716d00000|100%| E|CS|TAMS 0x0000000716c00000, 0x0000000716c00000| Complete 
| 301|0x0000000716d00000, 0x0000000716e00000, 0x0000000716e00000|100%| E|CS|TAMS 0x0000000716d00000, 0x0000000716d00000| Complete 
| 302|0x0000000716e00000, 0x0000000716f00000, 0x0000000716f00000|100%| E|CS|TAMS 0x0000000716e00000, 0x0000000716e00000| Complete 

Card table byte_map: [0x00000215f6b60000,0x00000215f7340000] _byte_map_base: 0x00000215f3340000

Marking Bits (Prev, Next): (CMBitMap*) 0x00000215dfa63258, (CMBitMap*) 0x00000215dfa63290
 Prev Bits: [0x00000215f7b20000, 0x00000215fba20000)
 Next Bits: [0x00000215fba20000, 0x00000215ff920000)

Polling page: 0x00000215dd950000

Metaspace:

Usage:
  Non-class:     92.44 MB capacity,    90.97 MB ( 98%) used,     1.16 MB (  1%) free+waste,   328.69 KB ( <1%) overhead. 
      Class:     14.15 MB capacity,    13.19 MB ( 93%) used,   834.14 KB (  6%) free+waste,   152.56 KB (  1%) overhead. 
       Both:    106.60 MB capacity,   104.16 MB ( 98%) used,     1.97 MB (  2%) free+waste,   481.25 KB ( <1%) overhead. 

Virtual space:
  Non-class space:       94.00 MB reserved,      92.50 MB ( 98%) committed 
      Class space:        1.00 GB reserved,      14.20 MB (  1%) committed 
             Both:        1.09 GB reserved,     106.70 MB ( 10%) committed 

Chunk freelists:
   Non-Class:  7.25 KB
       Class:  384 bytes
        Both:  7.63 KB

CodeHeap 'non-profiled nmethods': size=120000Kb used=11211Kb max_used=12206Kb free=108788Kb
 bounds [0x00000215eeb20000, 0x00000215ef710000, 0x00000215f6050000]
CodeHeap 'profiled nmethods': size=120000Kb used=22471Kb max_used=23996Kb free=97528Kb
 bounds [0x00000215e75f0000, 0x00000215e8d70000, 0x00000215eeb20000]
CodeHeap 'non-nmethods': size=5760Kb used=1429Kb max_used=1515Kb free=4330Kb
 bounds [0x00000215e7050000, 0x00000215e72c0000, 0x00000215e75f0000]
 total_blobs=10644 nmethods=9912 adapters=650
 compilation: enabled
              stopped_count=0, restarted_count=0
 full_count=0

Compilation events (10 events):
Event: 56.634 Thread 0x0000021582e97800 nmethod 11814 0x00000215e781fd10 code [0x00000215e781ff60, 0x00000215e7820c78]
Event: 56.636 Thread 0x0000021582e97800 11815       3       java.lang.RuntimeException::<init> (6 bytes)
Event: 56.636 Thread 0x0000021582e90000 11816       4       java.util.concurrent.locks.ReentrantLock::lock (9 bytes)
Event: 56.636 Thread 0x0000021582e97800 nmethod 11815 0x00000215e76b4310 code [0x00000215e76b44c0, 0x00000215e76b4668]
Event: 56.638 Thread 0x0000021582e97800 11817       3       java.util.concurrent.ThreadPoolExecutor::runStateLessThan (11 bytes)
Event: 56.638 Thread 0x0000021582e97800 nmethod 11817 0x00000215e76ec910 code [0x00000215e76ecaa0, 0x00000215e76ecbd8]
Event: 56.641 Thread 0x0000021582e90000 nmethod 11816 0x00000215eed24510 code [0x00000215eed246c0, 0x00000215eed24928]
Event: 57.654 Thread 0x0000021582e97800 11818  s    3       java.io.BufferedOutputStream::write (35 bytes)
Event: 57.654 Thread 0x0000021582e97800 nmethod 11818 0x00000215e7711590 code [0x00000215e7711740, 0x00000215e7711be8]
Event: 57.666 Thread 0x0000021582e90000 11819       4       java.io.DataOutputStream::writeInt (65 bytes)

GC Heap History (10 events):
Event: 29.933 GC heap before
{Heap before GC invocations=19 (full 0):
 garbage-first heap   total 310272K, used 222932K [0x0000000704000000, 0x0000000800000000)
  region size 1024K, 181 young (185344K), 10 survivors (10240K)
 Metaspace       used 92614K, capacity 94618K, committed 94848K, reserved 1132544K
  class space    used 11514K, capacity 12300K, committed 12416K, reserved 1048576K
}
Event: 29.950 GC heap after
{Heap after GC invocations=20 (full 0):
 garbage-first heap   total 310272K, used 53306K [0x0000000704000000, 0x0000000800000000)
  region size 1024K, 15 young (15360K), 15 survivors (15360K)
 Metaspace       used 92614K, capacity 94618K, committed 94848K, reserved 1132544K
  class space    used 11514K, capacity 12300K, committed 12416K, reserved 1048576K
}
Event: 32.508 GC heap before
{Heap before GC invocations=20 (full 0):
 garbage-first heap   total 310272K, used 226362K [0x0000000704000000, 0x0000000800000000)
  region size 1024K, 181 young (185344K), 15 survivors (15360K)
 Metaspace       used 95225K, capacity 97360K, committed 97408K, reserved 1134592K
  class space    used 11790K, capacity 12651K, committed 12672K, reserved 1048576K
}
Event: 32.537 GC heap after
{Heap after GC invocations=21 (full 0):
 garbage-first heap   total 310272K, used 57593K [0x0000000704000000, 0x0000000800000000)
  region size 1024K, 16 young (16384K), 16 survivors (16384K)
 Metaspace       used 95225K, capacity 97360K, committed 97408K, reserved 1134592K
  class space    used 11790K, capacity 12651K, committed 12672K, reserved 1048576K
}
Event: 34.161 GC heap before
{Heap before GC invocations=21 (full 0):
 garbage-first heap   total 310272K, used 228601K [0x0000000704000000, 0x0000000800000000)
  region size 1024K, 181 young (185344K), 16 survivors (16384K)
 Metaspace       used 95471K, capacity 97596K, committed 97792K, reserved 1134592K
  class space    used 11811K, capacity 12687K, committed 12800K, reserved 1048576K
}
Event: 34.177 GC heap after
{Heap after GC invocations=22 (full 0):
 garbage-first heap   total 310272K, used 55982K [0x0000000704000000, 0x0000000800000000)
  region size 1024K, 9 young (9216K), 9 survivors (9216K)
 Metaspace       used 95471K, capacity 97596K, committed 97792K, reserved 1134592K
  class space    used 11811K, capacity 12687K, committed 12800K, reserved 1048576K
}
Event: 36.056 GC heap before
{Heap before GC invocations=22 (full 0):
 garbage-first heap   total 310272K, used 169646K [0x0000000704000000, 0x0000000800000000)
  region size 1024K, 121 young (123904K), 9 survivors (9216K)
 Metaspace       used 97513K, capacity 99805K, committed 99840K, reserved 1136640K
  class space    used 12105K, capacity 13021K, committed 13056K, reserved 1048576K
}
Event: 36.072 GC heap after
{Heap after GC invocations=23 (full 0):
 garbage-first heap   total 310272K, used 59587K [0x0000000704000000, 0x0000000800000000)
  region size 1024K, 13 young (13312K), 13 survivors (13312K)
 Metaspace       used 97513K, capacity 99805K, committed 99840K, reserved 1136640K
  class space    used 12105K, capacity 13021K, committed 13056K, reserved 1048576K
}
Event: 42.067 GC heap before
{Heap before GC invocations=24 (full 0):
 garbage-first heap   total 310272K, used 231619K [0x0000000704000000, 0x0000000800000000)
  region size 1024K, 181 young (185344K), 13 survivors (13312K)
 Metaspace       used 101371K, capacity 103689K, committed 103884K, reserved 1138688K
  class space    used 12739K, capacity 13671K, committed 13772K, reserved 1048576K
}
Event: 42.086 GC heap after
{Heap after GC invocations=25 (full 0):
 garbage-first heap   total 310272K, used 62429K [0x0000000704000000, 0x0000000800000000)
  region size 1024K, 15 young (15360K), 15 survivors (15360K)
 Metaspace       used 101371K, capacity 103689K, committed 103884K, reserved 1138688K
  class space    used 12739K, capacity 13671K, committed 13772K, reserved 1048576K
}

Deoptimization events (10 events):
Event: 44.249 Thread 0x00000215dfa01800 Uncommon trap: reason=bimorphic_or_optimized_type_check action=maybe_recompile pc=0x00000215eed0e81c method=java.io.DataOutputStream.writeByte(I)V @ 5 c2
Event: 44.249 Thread 0x00000215dfa01800 Uncommon trap: reason=bimorphic_or_optimized_type_check action=maybe_recompile pc=0x00000215eecd5068 method=java.io.DataOutputStream.writeShort(I)V @ 12 c2
Event: 44.249 Thread 0x00000215dfa01800 Uncommon trap: reason=class_check action=maybe_recompile pc=0x00000215ef32d21c method=java.io.DataOutputStream.writeInt(I)V @ 12 c2
Event: 44.250 Thread 0x00000215dfa01800 Uncommon trap: reason=bimorphic_or_optimized_type_check action=maybe_recompile pc=0x00000215eed0e81c method=java.io.DataOutputStream.writeByte(I)V @ 5 c2
Event: 44.250 Thread 0x00000215dfa01800 Uncommon trap: reason=bimorphic_or_optimized_type_check action=maybe_recompile pc=0x00000215eecd5068 method=java.io.DataOutputStream.writeShort(I)V @ 12 c2
Event: 44.250 Thread 0x00000215dfa01800 Uncommon trap: reason=class_check action=maybe_recompile pc=0x00000215ef32d21c method=java.io.DataOutputStream.writeInt(I)V @ 12 c2
Event: 44.268 Thread 0x00000215dfa01800 Uncommon trap: reason=unstable_if action=reinterpret pc=0x00000215eefde9b8 method=org.springframework.beans.factory.support.AbstractBeanFactory.isSingleton(Ljava/lang/String;)Z @ 116 c2
Event: 44.336 Thread 0x00000215dfa01800 Uncommon trap: reason=bimorphic_or_optimized_type_check action=maybe_recompile pc=0x00000215eed0e81c method=java.io.DataOutputStream.writeByte(I)V @ 5 c2
Event: 44.336 Thread 0x00000215dfa01800 Uncommon trap: reason=bimorphic_or_optimized_type_check action=maybe_recompile pc=0x00000215eecd5068 method=java.io.DataOutputStream.writeShort(I)V @ 12 c2
Event: 44.336 Thread 0x00000215dfa01800 Uncommon trap: reason=class_check action=maybe_recompile pc=0x00000215ef32d21c method=java.io.DataOutputStream.writeInt(I)V @ 12 c2

Classes redefined (0 events):
No events

Internal exceptions (10 events):
Event: 43.971 Thread 0x00000215dfa01800 Exception <a 'java/lang/ClassNotFoundException'{0x00000007107b1978}: org/springframework/cloud/stream/binder/ConsumerPropertiesCustomizer> (0x00000007107b1978) thrown at [./open/src/hotspot/share/classfile/systemDictionary.cpp, line 226]
Event: 44.090 Thread 0x00000215dfa01800 Exception <a 'java/lang/NoSuchMethodError'{0x000000070ff704a8}: java.lang.invoke.Invokers$Holder.linkToTargetMethod(Ljava/lang/Object;Ljava/lang/Object;Ljava/lang/Object;Ljava/lang/Object;Ljava/lang/Object;Ljava/lang/Object;Ljava/lang/Object;)Ljava/lang/O
Event: 44.343 Thread 0x000002158c034000 Exception <a 'sun/net/ConnectionResetException'{0x000000070f297ad0}: > (0x000000070f297ad0) thrown at [./open/src/hotspot/share/prims/jni.cpp, line 632]
Event: 44.373 Thread 0x000002158c034000 Exception <a 'sun/net/ConnectionResetException'{0x000000070e901bc8}: > (0x000000070e901bc8) thrown at [./open/src/hotspot/share/prims/jni.cpp, line 632]
Event: 45.394 Thread 0x000002158c036800 Exception <a 'sun/net/ConnectionResetException'{0x000000070e89c810}: > (0x000000070e89c810) thrown at [./open/src/hotspot/share/prims/jni.cpp, line 632]
Event: 47.426 Thread 0x000002158c039800 Exception <a 'sun/net/ConnectionResetException'{0x000000070e601bc8}: > (0x000000070e601bc8) thrown at [./open/src/hotspot/share/prims/jni.cpp, line 632]
Event: 51.576 Thread 0x000002158c039800 Exception <a 'sun/net/ConnectionResetException'{0x000000070e582188}: > (0x000000070e582188) thrown at [./open/src/hotspot/share/prims/jni.cpp, line 632]
Event: 56.610 Thread 0x000002158c039800 Exception <a 'sun/net/ConnectionResetException'{0x000000070e383998}: > (0x000000070e383998) thrown at [./open/src/hotspot/share/prims/jni.cpp, line 632]
Event: 56.635 Thread 0x000002158c035000 Exception <a 'sun/net/ConnectionResetException'{0x000000070e101bc8}: > (0x000000070e101bc8) thrown at [./open/src/hotspot/share/prims/jni.cpp, line 632]
Event: 57.673 Thread 0x000002158c034000 Exception <a 'sun/net/ConnectionResetException'{0x000000070e082188}: > (0x000000070e082188) thrown at [./open/src/hotspot/share/prims/jni.cpp, line 632]

Events (10 events):
Event: 57.668 Executing VM operation: RevokeBias done
Event: 57.669 Thread 0x000002158c039800 Thread added: 0x000002158c039800
Event: 57.673 Thread 0x000002158c034000 DEOPT PACKING pc=0x00000215e840dac4 sp=0x000000e9902feba0
Event: 57.673 Thread 0x000002158c034000 DEOPT UNPACKING pc=0x00000215e708c98e sp=0x000000e9902fe0a8 mode 1
Event: 57.674 Executing VM operation: RevokeBias
Event: 57.682 Executing VM operation: RevokeBias done
Event: 57.682 Thread 0x000002158c034000 DEOPT PACKING pc=0x00000215eef8ab90 sp=0x000000e9902fec60
Event: 57.682 Thread 0x000002158c034000 DEOPT UNPACKING pc=0x00000215e708c98e sp=0x000000e9902fe110 mode 1
Event: 57.682 Thread 0x000002158c034000 DEOPT PACKING pc=0x00000215e84a302c sp=0x000000e9902fecc0
Event: 57.682 Thread 0x000002158c034000 DEOPT UNPACKING pc=0x00000215e708c98e sp=0x000000e9902fe170 mode 1


Dynamic libraries:
0x00007ff774f50000 - 0x00007ff774f5f000 	C:\Program Files\Java\jdk-11.0.16.1\bin\javaw.exe
0x00007ffc866f0000 - 0x00007ffc86907000 	C:\Windows\SYSTEM32\ntdll.dll
0x00007ffc84c60000 - 0x00007ffc84d24000 	C:\Windows\System32\KERNEL32.DLL
0x00007ffc83cd0000 - 0x00007ffc8407d000 	C:\Windows\System32\KERNELBASE.dll
0x00007ffc840b0000 - 0x00007ffc841c1000 	C:\Windows\System32\ucrtbase.dll
0x00007ffc4af20000 - 0x00007ffc4af35000 	C:\Program Files\Java\jdk-11.0.16.1\bin\VCRUNTIME140.dll
0x00007ffc32460000 - 0x00007ffc32478000 	C:\Program Files\Java\jdk-11.0.16.1\bin\jli.dll
0x00007ffc865f0000 - 0x00007ffc866a2000 	C:\Windows\System32\ADVAPI32.dll
0x00007ffc84fe0000 - 0x00007ffc85087000 	C:\Windows\System32\msvcrt.dll
0x00007ffc84d30000 - 0x00007ffc84dd9000 	C:\Windows\System32\sechost.dll
0x00007ffc84270000 - 0x00007ffc84298000 	C:\Windows\System32\bcrypt.dll
0x00007ffc864d0000 - 0x00007ffc865e4000 	C:\Windows\System32\RPCRT4.dll
0x00007ffc86130000 - 0x00007ffc862de000 	C:\Windows\System32\USER32.dll
0x00007ffc84080000 - 0x00007ffc840a6000 	C:\Windows\System32\win32u.dll
0x00007ffc6cf60000 - 0x00007ffc6d1f3000 	C:\Windows\WinSxS\amd64_microsoft.windows.common-controls_6595b64144ccf1df_6.0.22621.3672_none_2713b9d173822955\COMCTL32.dll
0x00007ffc85150000 - 0x00007ffc85179000 	C:\Windows\System32\GDI32.dll
0x00007ffc84310000 - 0x00007ffc84429000 	C:\Windows\System32\gdi32full.dll
0x00007ffc841d0000 - 0x00007ffc8426a000 	C:\Windows\System32\msvcp_win.dll
0x00007ffc7b7b0000 - 0x00007ffc7b7ba000 	C:\Windows\SYSTEM32\VERSION.dll
0x00007ffc85110000 - 0x00007ffc85141000 	C:\Windows\System32\IMM32.DLL
0x00007ffc61f80000 - 0x00007ffc62031000 	C:\Program Files\McAfee\Endpoint Security\Threat Prevention\Ips\EpMPApi.dll
0x00007ffc842a0000 - 0x00007ffc8430b000 	C:\Windows\System32\WINTRUST.dll
0x00007ffc83aa0000 - 0x00007ffc83c07000 	C:\Windows\System32\CRYPT32.dll
0x00007ffc83210000 - 0x00007ffc83222000 	C:\Windows\SYSTEM32\MSASN1.dll
0x00000000619a0000 - 0x00000000619ac000 	C:\Program Files\McAfee\Endpoint Security\Threat Prevention\Ips\EpMPThe.dll
0x00007ffc24b10000 - 0x00007ffc24bab000 	C:\Program Files\Java\jdk-11.0.16.1\bin\msvcp140.dll
0x00007ffbd0a60000 - 0x00007ffbd1578000 	C:\Program Files\Java\jdk-11.0.16.1\bin\server\jvm.dll
0x00007ffc85350000 - 0x00007ffc85358000 	C:\Windows\System32\PSAPI.DLL
0x00007ffc49de0000 - 0x00007ffc49de9000 	C:\Windows\SYSTEM32\WSOCK32.dll
0x00007ffc85f50000 - 0x00007ffc85fc1000 	C:\Windows\System32\WS2_32.dll
0x00007ffc7b970000 - 0x00007ffc7b9a4000 	C:\Windows\SYSTEM32\WINMM.dll
0x00007ffc82a10000 - 0x00007ffc82a28000 	C:\Windows\SYSTEM32\kernel.appcore.dll
0x00007ffc681e0000 - 0x00007ffc681f0000 	C:\Program Files\Java\jdk-11.0.16.1\bin\verify.dll
0x00007ffc81160000 - 0x00007ffc81392000 	C:\Windows\SYSTEM32\DBGHELP.DLL
0x00007ffc85360000 - 0x00007ffc856e8000 	C:\Windows\System32\combase.dll
0x00007ffc86370000 - 0x00007ffc86447000 	C:\Windows\System32\OLEAUT32.dll
0x00007ffc67590000 - 0x00007ffc675c2000 	C:\Windows\SYSTEM32\dbgcore.DLL
0x00007ffc83a20000 - 0x00007ffc83a9b000 	C:\Windows\System32\bcryptPrimitives.dll
0x00007ffc29a40000 - 0x00007ffc29a68000 	C:\Program Files\Java\jdk-11.0.16.1\bin\java.dll
0x00007ffc4d070000 - 0x00007ffc4d07a000 	C:\Program Files\Java\jdk-11.0.16.1\bin\jimage.dll
0x00007ffc26ec0000 - 0x00007ffc26ef8000 	C:\Program Files\Java\jdk-11.0.16.1\bin\jdwp.dll
0x00007ffc4cc80000 - 0x00007ffc4cc8e000 	C:\Program Files\Java\jdk-11.0.16.1\bin\instrument.dll
0x00007ffc40400000 - 0x00007ffc40416000 	C:\Program Files\Java\jdk-11.0.16.1\bin\zip.dll
0x00007ffc856f0000 - 0x00007ffc85f4f000 	C:\Windows\System32\SHELL32.dll
0x00007ffc81870000 - 0x00007ffc8216c000 	C:\Windows\SYSTEM32\windows.storage.dll
0x00007ffc81730000 - 0x00007ffc8186f000 	C:\Windows\SYSTEM32\wintypes.dll
0x00007ffc84de0000 - 0x00007ffc84ed4000 	C:\Windows\System32\SHCORE.dll
0x00007ffc85fd0000 - 0x00007ffc8602e000 	C:\Windows\System32\shlwapi.dll
0x00007ffc83950000 - 0x00007ffc83971000 	C:\Windows\SYSTEM32\profapi.dll
0x00007ffc4af50000 - 0x00007ffc4af5a000 	C:\Program Files\Java\jdk-11.0.16.1\bin\dt_socket.dll
0x00007ffc82e70000 - 0x00007ffc82ed9000 	C:\Windows\System32\mswsock.dll
0x00007ffc822c0000 - 0x00007ffc823b8000 	C:\Windows\SYSTEM32\DNSAPI.dll
0x00007ffc82290000 - 0x00007ffc822bd000 	C:\Windows\SYSTEM32\IPHLPAPI.DLL
0x00007ffc85090000 - 0x00007ffc85099000 	C:\Windows\System32\NSI.dll
0x00007ffc7d530000 - 0x00007ffc7d5b3000 	C:\Windows\System32\fwpuclnt.dll
0x00007ffc7cbb0000 - 0x00007ffc7cbba000 	C:\Windows\System32\rasadhlp.dll
0x00007ffc323e0000 - 0x00007ffc323f9000 	C:\Program Files\Java\jdk-11.0.16.1\bin\net.dll
0x00007ffc7d6f0000 - 0x00007ffc7d826000 	C:\Windows\SYSTEM32\WINHTTP.dll
0x00007ffc2ebc0000 - 0x00007ffc2ebd2000 	C:\Program Files\Java\jdk-11.0.16.1\bin\nio.dll
0x00007ffc4af10000 - 0x00007ffc4af19000 	C:\Program Files\Java\jdk-11.0.16.1\bin\management.dll
0x00007ffc4a090000 - 0x00007ffc4a09b000 	C:\Program Files\Java\jdk-11.0.16.1\bin\management_ext.dll
0x00007ffc54640000 - 0x00007ffc54657000 	C:\Windows\system32\napinsp.dll
0x00007ffc54620000 - 0x00007ffc5463b000 	C:\Windows\system32\pnrpnsp.dll
0x00007ffc54600000 - 0x00007ffc54611000 	C:\Windows\System32\winrnr.dll
0x00007ffc545e0000 - 0x00007ffc545f5000 	C:\Windows\system32\wshbth.dll
0x00007ffc545b0000 - 0x00007ffc545d7000 	C:\Windows\system32\nlansp_c.dll
0x00007ffc7d510000 - 0x00007ffc7d529000 	C:\Windows\SYSTEM32\dhcpcsvc6.DLL
0x00007ffc7d4f0000 - 0x00007ffc7d50f000 	C:\Windows\SYSTEM32\dhcpcsvc.DLL
0x00007ffc69140000 - 0x00007ffc6914d000 	C:\Program Files\Java\jdk-11.0.16.1\bin\sunmscapi.dll
0x00007ffc832e0000 - 0x00007ffc8330e000 	C:\Windows\SYSTEM32\ncrypt.dll
0x00007ffc832a0000 - 0x00007ffc832d7000 	C:\Windows\SYSTEM32\NTASN1.dll
0x00007ffc2e390000 - 0x00007ffc2e3b5000 	C:\Program Files\Java\jdk-11.0.16.1\bin\sunec.dll
0x00007ffc831c0000 - 0x00007ffc831db000 	C:\Windows\SYSTEM32\CRYPTSP.dll
0x00007ffc82970000 - 0x00007ffc829a5000 	C:\Windows\system32\rsaenh.dll
0x00007ffc82f10000 - 0x00007ffc82f38000 	C:\Windows\SYSTEM32\USERENV.dll
0x00007ffc831a0000 - 0x00007ffc831ac000 	C:\Windows\SYSTEM32\CRYPTBASE.dll

dbghelp: loaded successfully - version: 4.0.5 - missing functions: none
symbol engine: initialized successfully - sym options: 0x614 - pdb path: .;C:\Program Files\Java\jdk-11.0.16.1\bin;C:\Windows\SYSTEM32;C:\Windows\WinSxS\amd64_microsoft.windows.common-controls_6595b64144ccf1df_6.0.22621.3672_none_2713b9d173822955;C:\Program Files\McAfee\Endpoint Security\Threat Prevention\Ips;C:\Program Files\Java\jdk-11.0.16.1\bin\server

VM Arguments:
jvm_args: -agentlib:jdwp=transport=dt_socket,suspend=y,address=localhost:62833 -javaagent:D:\Bhu Dutt\software\eclipse\configuration\org.eclipse.osgi\248\0\.cp\lib\javaagent-shaded.jar -Dfile.encoding=UTF-8 
java_command: com.hitech.SaleMiscellaneousApplication
java_class_path (initial): D:\workSpace\VST-DMS\Micro-Sales-Miscellaneous-Service\target\classes;C:\Users\bhudutt.sharma\.m2\repository\org\springframework\cloud\spring-cloud-starter-bootstrap\3.1.0\spring-cloud-starter-bootstrap-3.1.0.jar;C:\Users\bhudutt.sharma\.m2\repository\org\springframework\cloud\spring-cloud-starter\3.1.0\spring-cloud-starter-3.1.0.jar;C:\Users\bhudutt.sharma\.m2\repository\org\springframework\cloud\spring-cloud-context\3.1.0\spring-cloud-context-3.1.0.jar;C:\Users\bhudutt.sharma\.m2\repository\org\springframework\security\spring-security-rsa\1.0.10.RELEASE\spring-security-rsa-1.0.10.RELEASE.jar;C:\Users\bhudutt.sharma\.m2\repository\org\bouncycastle\bcpkix-jdk15on\1.68\bcpkix-jdk15on-1.68.jar;C:\Users\bhudutt.sharma\.m2\repository\org\bouncycastle\bcprov-jdk15on\1.68\bcprov-jdk15on-1.68.jar;C:\Users\bhudutt.sharma\.m2\repository\org\springframework\cloud\spring-cloud-starter-config\3.1.0\spring-cloud-starter-config-3.1.0.jar;C:\Users\bhudutt.sharma\.m2\repository\org\springframework\cloud\spring-cloud-config-client\3.1.0\spring-cloud-config-client-3.1.0.jar;C:\Users\bhudutt.sharma\.m2\repository\com\fasterxml\jackson\core\jackson-annotations\2.13.1\jackson-annotations-2.13.1.jar;C:\Users\bhudutt.sharma\.m2\repository\org\apache\httpcomponents\httpclient\4.5.13\httpclient-4.5.13.jar;C:\Users\bhudutt.sharma\.m2\repository\org\apache\httpcomponents\httpcore\4.4.15\httpcore-4.4.15.jar;C:\Users\bhudutt.sharma\.m2\repository\com\fasterxml\jackson\core\jackson-databind\2.13.1\jackson-databind-2.13.1.jar;C:\Users\bhudutt.sharma\.m2\repository\com\fasterxml\jackson\core\jackson-core\2.13.1\jackson-core-2.13.1.jar;C:\Users\bhudutt.sharma\.m2\repository\org\springframework\boot\spring-boot-starter-web\2.6.3\spring-boot-starter-web-2.6.3.jar;C:\Users\bhudutt.sharma\.m2\repository\org\springframework\boot\spring-boot-starter\2.6.3\spring-boot-starter-2.6.3.jar;C:\Users\bhudutt.sharma\.m2\repository\org\springframework\boot\spring-boot\2.6.3\spring-boo
Launcher Type: SUN_STANDARD

[Global flags]
     intx CICompilerCount                          = 4                                         {product} {ergonomic}
     uint ConcGCThreads                            = 2                                         {product} {ergonomic}
     uint G1ConcRefinementThreads                  = 8                                         {product} {ergonomic}
   size_t G1HeapRegionSize                         = 1048576                                   {product} {ergonomic}
    uintx GCDrainStackTargetSize                   = 64                                        {product} {ergonomic}
   size_t InitialHeapSize                          = 264241152                                 {product} {ergonomic}
   size_t MarkStackSize                            = 4194304                                   {product} {ergonomic}
   size_t MaxHeapSize                              = 4227858432                                {product} {ergonomic}
   size_t MaxNewSize                               = 2536505344                                {product} {ergonomic}
   size_t MinHeapDeltaBytes                        = 1048576                                   {product} {ergonomic}
    uintx NonNMethodCodeHeapSize                   = 5836300                                {pd product} {ergonomic}
    uintx NonProfiledCodeHeapSize                  = 122910970                              {pd product} {ergonomic}
    uintx ProfiledCodeHeapSize                     = 122910970                              {pd product} {ergonomic}
    uintx ReservedCodeCacheSize                    = 251658240                              {pd product} {ergonomic}
     bool SegmentedCodeCache                       = true                                      {product} {ergonomic}
     bool UseCompressedClassPointers               = true                                 {lp64_product} {ergonomic}
     bool UseCompressedOops                        = true                                 {lp64_product} {ergonomic}
     bool UseG1GC                                  = true                                      {product} {ergonomic}
     bool UseLargePagesIndividualAllocation        = false                                  {pd product} {ergonomic}

Logging:
Log output configuration:
 #0: stdout all=warning uptime,level,tags
 #1: stderr all=off uptime,level,tags

Environment Variables:
PATH=D:/Bhu Dutt/software/eclipse//plugins/org.eclipse.justj.openjdk.hotspot.jre.full.win32.x86_64_17.0.7.v20230425-1502/jre/bin/server;D:/Bhu Dutt/software/eclipse//plugins/org.eclipse.justj.openjdk.hotspot.jre.full.win32.x86_64_17.0.7.v20230425-1502/jre/bin;C:\Program Files\Java\jdk-11.0.16.1\bin;C:\Python311\Scripts\;C:\Python311\;C:\Windows\system32;C:\Windows;C:\Windows\System32\Wbem;C:\Windows\System32\WindowsPowerShell\v1.0\;C:\Windows\System32\OpenSSH\;C:\Program Files\TortoiseSVN\bin;C:\Program Files\Microsoft SQL Server\110\Tools\Binn\;C:\Program Files (x86)\Microsoft SQL Server\110\Tools\Binn\ManagementStudio\;C:\Program Files (x86)\Microsoft SQL Server\110\Tools\Binn\;C:\Program Files (x86)\Microsoft SQL Server\110\DTS\Binn\;C:\Program Files\Docker\Docker\resources\bin;C:\Program Files\nodejs\;C:\ProgramData\chocolatey\bin;C:\Program Files\Common Files\Oracle\Java\javapath;C:\Program Files\Git\cmd;C:\Program Files\MySQL\MySQL Shell 8.0\bin\;C:\Users\bhudutt.sharma\AppData\Local\Microsoft\WindowsApps;C:\Users\bhudutt.sharma\AppData\Local\Programs\Microsoft VS Code\bin;C:\Users\bhudutt.sharma\AppData\Roaming\npm;C:\Users\bhudutt.sharma\AppData\Local\GitHubDesktop\bin;;D:\Bhu Dutt\software\eclipse;
USERNAME=bhudutt.sharma
OS=Windows_NT
PROCESSOR_IDENTIFIER=Intel64 Family 6 Model 140 Stepping 1, GenuineIntel



---------------  S Y S T E M  ---------------

OS: Windows 11 , 64 bit Build 22621 (10.0.22621.3672)
Hyper-V role detected

CPU:total 8 (initial active 8) (4 cores per cpu, 2 threads per core) family 6 model 140 stepping 1 microcode 0xb4, cmov, cx8, fxsr, mmx, sse, sse2, sse3, ssse3, sse4.1, sse4.2, popcnt, avx, avx2, aes, clmul, erms, 3dnowpref, lzcnt, ht, tsc, tscinvbit, bmi1, bmi2, adx, evex, sha, fma

Memory: 4k page, system-wide physical 16126M (1622M free)
TotalPageFile size 47229M (AvailPageFile size 0M)
current process WorkingSet (physical memory assigned to process): 498M, peak: 674M
current process commit charge ("private bytes"): 598M, peak: 757M

vm_info: Java HotSpot(TM) 64-Bit Server VM (11.0.16.1+1-LTS-1) for windows-amd64 JRE (11.0.16.1+1-LTS-1), built on Aug 16 2022 01:46:01 by "mach5one" with MS VC++ 15.9 (VS2017)

END.
